<?xml version="1.0" encoding="UTF-8"?>
<!-- Generated by org.testng.reporters.JUnitReportReporter -->
<testsuite skipped="0" hostname="sakshi" name="selenium3.IsDisplayEnabledSelected" tests="1" failures="0" timestamp="26 Feb 2021 21:15:06 GMT" time="18.523" errors="0">
  <testcase name="check" time="18.523" classname="selenium3.IsDisplayEnabledSelected"/>
</testsuite> <!-- selenium3.IsDisplayEnabledSelected -->
