<?xml version="1.0" encoding="UTF-8"?>
<!-- Generated by org.testng.reporters.JUnitReportReporter -->
<testsuite skipped="0" hostname="sakshi" name="selenium3.BootstrapListHandel" tests="1" failures="0" timestamp="27 Feb 2021 14:37:15 GMT" time="0.452" errors="0">
  <testcase name="bootStrapListSelect" time="0.452" classname="selenium3.BootstrapListHandel"/>
</testsuite> <!-- selenium3.BootstrapListHandel -->
