<?xml version="1.0" encoding="UTF-8"?>
<!-- Generated by org.testng.reporters.JUnitReportReporter -->
<testsuite skipped="0" hostname="sakshi" name="selenium3.WebTableHandelByxpath" tests="2" failures="0" timestamp="27 Feb 2021 14:19:45 GMT" time="7.891" errors="0">
  <testcase name="readWebTableWay1" time="7.543" classname="selenium3.WebTableHandelByxpath"/>
  <testcase name="readWebTableWay2" time="0.348" classname="selenium3.WebTableHandelByxpath"/>
</testsuite> <!-- selenium3.WebTableHandelByxpath -->
