<?xml version="1.0" encoding="UTF-8"?>
<!-- Generated by org.testng.reporters.JUnitReportReporter -->
<testsuite skipped="0" hostname="sakshi" name="selenium3.WebDriverEventListnerCalling" tests="1" failures="0" timestamp="28 Feb 2021 20:54:29 GMT" time="26.956" errors="0">
  <testcase name="testingWebDriverEventListner" time="26.956" classname="selenium3.WebDriverEventListnerCalling"/>
</testsuite> <!-- selenium3.WebDriverEventListnerCalling -->
