<?xml version="1.0" encoding="UTF-8"?>
<!-- Generated by org.testng.reporters.JUnitReportReporter -->
<testsuite skipped="0" hostname="md2rejtc" name="selenium3.WebTableHandelByxpath" tests="2" failures="0" timestamp="2021-03-04T00:04:41 IST" time="6.669" errors="0">
  <testcase name="readWebTableWay1" time="6.358" classname="selenium3.WebTableHandelByxpath"/>
  <system-out/>
  <testcase name="readWebTableWay2" time="0.311" classname="selenium3.WebTableHandelByxpath"/>
  <system-out/>
</testsuite> <!-- selenium3.WebTableHandelByxpath -->
