<?xml version="1.0" encoding="UTF-8"?>
<!-- Generated by org.testng.reporters.JUnitReportReporter -->
<testsuite skipped="0" hostname="sakshi" name="selenium3.FindBrokenLinks" tests="1" failures="0" timestamp="27 Feb 2021 19:54:33 GMT" time="76.810" errors="0">
  <testcase name="checkBrokenLinks" time="76.810" classname="selenium3.FindBrokenLinks"/>
</testsuite> <!-- selenium3.FindBrokenLinks -->
