<?xml version="1.0" encoding="UTF-8"?>
<!-- Generated by org.testng.reporters.JUnitReportReporter -->
<testsuite skipped="0" hostname="sakshi" name="selenium3.HeadlessChrome" tests="1" failures="0" timestamp="27 Feb 2021 19:24:03 GMT" time="10.819" errors="0">
  <testcase name="headlessChromeTest" time="10.819" classname="selenium3.HeadlessChrome"/>
</testsuite> <!-- selenium3.HeadlessChrome -->
