<?xml version="1.0" encoding="UTF-8"?>
<!-- Generated by org.testng.reporters.JUnitReportReporter -->
<testsuite skipped="0" hostname="sakshi" name="selenium3.JavaScriptExecuterWithSelenium" tests="1" failures="0" timestamp="26 Feb 2021 20:59:09 GMT" time="76.078" errors="0">
  <testcase name="testPerform" time="76.078" classname="selenium3.JavaScriptExecuterWithSelenium"/>
</testsuite> <!-- selenium3.JavaScriptExecuterWithSelenium -->
