<?xml version="1.0" encoding="UTF-8"?>
<!-- Generated by org.testng.reporters.JUnitReportReporter -->
<testsuite skipped="0" hostname="sakshi" name="selenium3.SikuliDemo" tests="1" failures="0" timestamp="27 Feb 2021 19:15:32 GMT" time="20.686" errors="0">
  <testcase name="sikuliAction" time="20.686" classname="selenium3.SikuliDemo"/>
</testsuite> <!-- selenium3.SikuliDemo -->
