<?xml version="1.0" encoding="UTF-8"?>
<!-- Generated by org.testng.reporters.JUnitReportReporter -->
<testsuite skipped="0" hostname="sakshi" name="selenium3.ExcelReadingAndDataProvider" tests="3" failures="0" timestamp="28 Feb 2021 20:15:27 GMT" time="0.030" errors="0">
  <testcase name="useDataProviderTesting" time="0.004" classname="selenium3.ExcelReadingAndDataProvider"/>
  <testcase name="useDataProviderTesting" time="0.003" classname="selenium3.ExcelReadingAndDataProvider"/>
  <testcase name="useDataProviderTesting" time="0.023" classname="selenium3.ExcelReadingAndDataProvider"/>
</testsuite> <!-- selenium3.ExcelReadingAndDataProvider -->
