<?xml version="1.0" encoding="UTF-8"?>
<!-- Generated by org.testng.reporters.JUnitReportReporter -->
<testsuite skipped="0" hostname="sakshi" name="selenium3.HighlightElement" tests="1" failures="0" timestamp="25 Feb 2021 20:14:42 GMT" time="14.623" errors="0">
  <testcase name="testPerform" time="14.623" classname="selenium3.HighlightElement"/>
</testsuite> <!-- selenium3.HighlightElement -->
