<?xml version="1.0" encoding="UTF-8"?>
<!-- Generated by org.testng.reporters.JUnitReportReporter -->
<testsuite skipped="0" hostname="sakshi" name="selenium3.GoogleSearchDynamicHandle" tests="1" failures="0" timestamp="27 Feb 2021 11:30:38 GMT" time="2.697" errors="0">
  <testcase name="dynamicGoogleSearch" time="2.697" classname="selenium3.GoogleSearchDynamicHandle"/>
</testsuite> <!-- selenium3.GoogleSearchDynamicHandle -->
